c:\users\alloa\documents\github\liquid\build\intermediate\debug\nano 42.pch
c:\users\alloa\documents\github\liquid\build\intermediate\debug\vc140.pdb
c:\users\alloa\documents\github\liquid\build\intermediate\debug\vc140.idb
c:\users\alloa\documents\github\liquid\build\intermediate\debug\stdafx.obj
c:\users\alloa\documents\github\liquid\build\intermediate\debug\liquidmenu.pch
c:\users\alloa\documents\github\liquid\build\intermediate\debug\crossmapping.obj
c:\users\alloa\documents\github\liquid\build\intermediate\debug\functions.obj
c:\users\alloa\documents\github\liquid\build\intermediate\debug\hooking.obj
c:\users\alloa\documents\github\liquid\build\intermediate\debug\inputhook.obj
c:\users\alloa\documents\github\liquid\build\intermediate\debug\keyboard.obj
c:\users\alloa\documents\github\liquid\build\intermediate\debug\log.obj
c:\users\alloa\documents\github\liquid\build\intermediate\debug\memory.obj
c:\users\alloa\documents\github\liquid\build\intermediate\debug\gui.obj
c:\users\alloa\documents\github\liquid\build\intermediate\debug\nativeinvoker.obj
c:\users\alloa\documents\github\liquid\build\intermediate\debug\menu.obj
c:\users\alloa\documents\github\liquid\build\intermediate\debug\dllmain.obj
c:\users\alloa\documents\github\liquid\build\debug\nano 42.ilk
c:\users\alloa\documents\github\liquid\build\debug\nano 42.dll
c:\users\alloa\documents\github\liquid\build\debug\nano 42.pdb
c:\users\alloa\documents\github\liquid\build\debug\liquidmenu.ilk
c:\users\alloa\documents\github\liquid\build\debug\liquidmenu.dll
c:\users\alloa\documents\github\liquid\build\debug\liquidmenu.pdb
c:\users\alloa\documents\github\liquid\build\intermediate\debug\nano 42.tlog\cl.command.1.tlog
c:\users\alloa\documents\github\liquid\build\intermediate\debug\nano 42.tlog\cl.read.1.tlog
c:\users\alloa\documents\github\liquid\build\intermediate\debug\nano 42.tlog\cl.write.1.tlog
c:\users\alloa\documents\github\liquid\build\intermediate\debug\nano 42.tlog\link.command.1.tlog
c:\users\alloa\documents\github\liquid\build\intermediate\debug\nano 42.tlog\link.read.1.tlog
c:\users\alloa\documents\github\liquid\build\intermediate\debug\nano 42.tlog\link.write.1.tlog
